<?xml version="1.0" encoding="UTF-8"?>
<testsuite xmlns:xsi="http://www.w3.org/2001/XMLSchema-instance" xsi:noNamespaceSchemaLocation="https://maven.apache.org/surefire/maven-surefire-plugin/xsd/surefire-test-report-3.0.xsd" version="3.0" name="com.mbrateq.manager.dto.OccupancyRequestSpec" time="0.354" tests="8" errors="0" skipped="0" failures="0">
  <properties>
[...]
</properties>
  <testcase name="should return no errors if object is correct [givenFreePremium: 3, givenFreeEconomy: 3, prices: [23.0, 45.0, 155.0, 374.0, 22.0, 99.99, 100.0, 101.0, 115.0, 209.0], #0]" classname="com.mbrateq.manager.dto.OccupancyRequestSpec" time="0.036">
    <system-out><![CDATA[13:53:25.256 [main] INFO org.hibernate.validator.internal.util.Version -- HV000001: Hibernate Validator 8.0.1.Final
]]></system-out>
  </testcase>
  <testcase name="should return no errors if object is correct [givenFreePremium: 7, givenFreeEconomy: 5, prices: [23.0, 45.0, 155.0, 374.0, 22.0, 99.99, 100.0, 101.0, 115.0, 209.0], #1]" classname="com.mbrateq.manager.dto.OccupancyRequestSpec" time="0.003"/>
  <testcase name="should return no errors if object is correct [givenFreePremium: 2, givenFreeEconomy: 7, prices: [23.0, 45.0, 155.0, 374.0, 22.0, 99.99, 100.0, 101.0, 115.0, 209.0], #2]" classname="com.mbrateq.manager.dto.OccupancyRequestSpec" time="0.002"/>
  <testcase name="should return no errors if object is correct" classname="com.mbrateq.manager.dto.OccupancyRequestSpec" time="0.322"/>
  <testcase name="should throw exception when object didnt pass the validation [givenFreePremium: 3, givenFreeEconomy: 3, prices: [23.0, 45.0, 155.0, 374.0, 22.0, 99.99, 100.0, -101.0, 115.0, 209.0], message: must be greater than 0, #0]" classname="com.mbrateq.manager.dto.OccupancyRequestSpec" time="0.016"/>
  <testcase name="should throw exception when object didnt pass the validation [givenFreePremium: 7, givenFreeEconomy: -5, prices: [23.0, 45.0, 155.0, 374.0, 22.0, 99.99, 100.0, 101.0, 115.0, 209.0], message: The value must be positive, #1]" classname="com.mbrateq.manager.dto.OccupancyRequestSpec" time="0.002"/>
  <testcase name="should throw exception when object didnt pass the validation [givenFreePremium: -2, givenFreeEconomy: 7, prices: [23.0, 45.0, 155.0, 374.0, 22.0, 99.99, 100.0, 101.0, 115.0, 209.0], message: The value must be positive, #2]" classname="com.mbrateq.manager.dto.OccupancyRequestSpec" time="0.002"/>
  <testcase name="should throw exception when object didnt pass the validation" classname="com.mbrateq.manager.dto.OccupancyRequestSpec" time="0.027"/>
</testsuite>